# JRE version: 7.0_11-b21
# Java VM: Java HotSpot(TM) 64-Bit Server VM (23.6-b04 mixed mode windows-amd64 compressed oops)
Heap
 PSYoungGen      total 20032K, used 6382K [0x00000000fa000000, 0x00000000fc210000, 0x0000000100000000)
  eden space 19904K, 31% used [0x00000000fa000000,0x00000000fa61b970,0x00000000fb370000)
  from space 128K, 100% used [0x00000000fc1f0000,0x00000000fc210000,0x00000000fc210000)
  to   space 1856K, 0% used [0x00000000fbe70000,0x00000000fbe70000,0x00000000fc040000)
 ParOldGen       total 69312K, used 65988K [0x00000000e8000000, 0x00000000ec3b0000, 0x00000000fa000000)
  object space 69312K, 95% used [0x00000000e8000000,0x00000000ec071330,0x00000000ec3b0000)
 PSPermGen       total 109120K, used 62700K [0x00000000e0000000, 0x00000000e6a90000, 0x00000000e8000000)
  object space 109120K, 57% used [0x00000000e0000000,0x00000000e3d3b388,0x00000000e6a90000)
GC Heap History (10 events):
Event: 4264.878 GC heap before
{Heap before GC invocations=426 (full 6):
 PSYoungGen      total 23808K, used 23808K [0x00000000fa000000, 0x00000000fc570000, 0x0000000100000000)
  eden space 22912K, 100% used [0x00000000fa000000,0x00000000fb660000,0x00000000fb660000)
  from space 896K, 100% used [0x00000000fc330000,0x00000000fc410000,0x00000000fc410000)
  to   space 1344K, 0% used [0x00000000fc420000,0x00000000fc420000,0x00000000fc570000)
 ParOldGen       total 69312K, used 64465K [0x00000000e8000000, 0x00000000ec3b0000, 0x00000000fa000000)
  object space 69312K, 93% used [0x00000000e8000000,0x00000000ebef4750,0x00000000ec3b0000)
 PSPermGen       total 109120K, used 62692K [0x00000000e0000000, 0x00000000e6a90000, 0x00000000e8000000)
  object space 109120K, 57% used [0x00000000e0000000,0x00000000e3d39138,0x00000000e6a90000)
Event: 4264.887 GC heap after
Heap after GC invocations=426 (full 6):
 PSYoungGen      total 23296K, used 1004K [0x00000000fa000000, 0x00000000fc520000, 0x0000000100000000)
  eden space 22272K, 0% used [0x00000000fa000000,0x00000000fa000000,0x00000000fb5c0000)
  from space 1024K, 98% used [0x00000000fc420000,0x00000000fc51b0d8,0x00000000fc520000)
  to   space 1472K, 0% used [0x00000000fc240000,0x00000000fc240000,0x00000000fc3b0000)
 ParOldGen       total 69312K, used 64489K [0x00000000e8000000, 0x00000000ec3b0000, 0x00000000fa000000)
  object space 69312K, 93% used [0x00000000e8000000,0x00000000ebefa750,0x00000000ec3b0000)
 PSPermGen       total 109120K, used 62692K [0x00000000e0000000, 0x00000000e6a90000, 0x00000000e8000000)
  object space 109120K, 57% used [0x00000000e0000000,0x00000000e3d39138,0x00000000e6a90000)
}
Event: 4275.379 GC heap before
{Heap before GC invocations=427 (full 6):
 PSYoungGen      total 23296K, used 23276K [0x00000000fa000000, 0x00000000fc520000, 0x0000000100000000)
  eden space 22272K, 100% used [0x00000000fa000000,0x00000000fb5c0000,0x00000000fb5c0000)
  from space 1024K, 98% used [0x00000000fc420000,0x00000000fc51b0d8,0x00000000fc520000)
  to   space 1472K, 0% used [0x00000000fc240000,0x00000000fc240000,0x00000000fc3b0000)
 ParOldGen       total 69312K, used 64489K [0x00000000e8000000, 0x00000000ec3b0000, 0x00000000fa000000)
  object space 69312K, 93% used [0x00000000e8000000,0x00000000ebefa750,0x00000000ec3b0000)
 PSPermGen       total 109120K, used 62693K [0x00000000e0000000, 0x00000000e6a90000, 0x00000000e8000000)
  object space 109120K, 57% used [0x00000000e0000000,0x00000000e3d394d8,0x00000000e6a90000)
Event: 4275.385 GC heap after
Heap after GC invocations=427 (full 6):
 PSYoungGen      total 23104K, used 1451K [0x00000000fa000000, 0x00000000fc430000, 0x0000000100000000)
  eden space 21632K, 0% used [0x00000000fa000000,0x00000000fa000000,0x00000000fb520000)
  from space 1472K, 98% used [0x00000000fc240000,0x00000000fc3aad60,0x00000000fc3b0000)
  to   space 512K, 0% used [0x00000000fc3b0000,0x00000000fc3b0000,0x00000000fc430000)
 ParOldGen       total 69312K, used 64673K [0x00000000e8000000, 0x00000000ec3b0000, 0x00000000fa000000)
  object space 69312K, 93% used [0x00000000e8000000,0x00000000ebf28520,0x00000000ec3b0000)
 PSPermGen       total 109120K, used 62693K [0x00000000e0000000, 0x00000000e6a90000, 0x00000000e8000000)
  object space 109120K, 57% used [0x00000000e0000000,0x00000000e3d394d8,0x00000000e6a90000)
}
Event: 4402.500 GC heap before
{Heap before GC invocations=428 (full 6):
 PSYoungGen      total 23104K, used 23083K [0x00000000fa000000, 0x00000000fc430000, 0x0000000100000000)
  eden space 21632K, 100% used [0x00000000fa000000,0x00000000fb520000,0x00000000fb520000)
  from space 1472K, 98% used [0x00000000fc240000,0x00000000fc3aad60,0x00000000fc3b0000)
  to   space 512K, 0% used [0x00000000fc3b0000,0x00000000fc3b0000,0x00000000fc430000)
 ParOldGen       total 69312K, used 64673K [0x00000000e8000000, 0x00000000ec3b0000, 0x00000000fa000000)
  object space 69312K, 93% used [0x00000000e8000000,0x00000000ebf28520,0x00000000ec3b0000)
 PSPermGen       total 109120K, used 62693K [0x00000000e0000000, 0x00000000e6a90000, 0x00000000e8000000)
  object space 109120K, 57% used [0x00000000e0000000,0x00000000e3d397c8,0x00000000e6a90000)
Event: 4402.509 GC heap after
Heap after GC invocations=428 (full 6):
 PSYoungGen      total 21568K, used 512K [0x00000000fa000000, 0x00000000fc430000, 0x0000000100000000)
  eden space 21056K, 0% used [0x00000000fa000000,0x00000000fa000000,0x00000000fb490000)
  from space 512K, 100% used [0x00000000fc3b0000,0x00000000fc430000,0x00000000fc430000)
  to   space 1856K, 0% used [0x00000000fc090000,0x00000000fc090000,0x00000000fc260000)
 ParOldGen       total 69312K, used 65576K [0x00000000e8000000, 0x00000000ec3b0000, 0x00000000fa000000)
  object space 69312K, 94% used [0x00000000e8000000,0x00000000ec00a320,0x00000000ec3b0000)
 PSPermGen       total 109120K, used 62693K [0x00000000e0000000, 0x00000000e6a90000, 0x00000000e8000000)
  object space 109120K, 57% used [0x00000000e0000000,0x00000000e3d397c8,0x00000000e6a90000)
}
Event: 4576.493 GC heap before
{Heap before GC invocations=429 (full 6):
 PSYoungGen      total 21568K, used 21568K [0x00000000fa000000, 0x00000000fc430000, 0x0000000100000000)
  eden space 21056K, 100% used [0x00000000fa000000,0x00000000fb490000,0x00000000fb490000)
  from space 512K, 100% used [0x00000000fc3b0000,0x00000000fc430000,0x00000000fc430000)
  to   space 1856K, 0% used [0x00000000fc090000,0x00000000fc090000,0x00000000fc260000)
 ParOldGen       total 69312K, used 65576K [0x00000000e8000000, 0x00000000ec3b0000, 0x00000000fa000000)
  object space 69312K, 94% used [0x00000000e8000000,0x00000000ec00a320,0x00000000ec3b0000)
 PSPermGen       total 109120K, used 62699K [0x00000000e0000000, 0x00000000e6a90000, 0x00000000e8000000)
  object space 109120K, 57% used [0x00000000e0000000,0x00000000e3d3ade8,0x00000000e6a90000)
Event: 4576.501 GC heap after
Heap after GC invocations=429 (full 6):
 PSYoungGen      total 20672K, used 160K [0x00000000fa000000, 0x00000000fc3c0000, 0x0000000100000000)
  eden space 20480K, 0% used [0x00000000fa000000,0x00000000fa000000,0x00000000fb400000)
  from space 192K, 83% used [0x00000000fc090000,0x00000000fc0b8000,0x00000000fc0c0000)
  to   space 1856K, 0% used [0x00000000fc1f0000,0x00000000fc1f0000,0x00000000fc3c0000)
 ParOldGen       total 69312K, used 65988K [0x00000000e8000000, 0x00000000ec3b0000, 0x00000000fa000000)
  object space 69312K, 95% used [0x00000000e8000000,0x00000000ec071330,0x00000000ec3b0000)
 PSPermGen       total 109120K, used 62699K [0x00000000e0000000, 0x00000000e6a90000, 0x00000000e8000000)
  object space 109120K, 57% used [0x00000000e0000000,0x00000000e3d3ade8,0x00000000e6a90000)
}
Event: 4625.057 GC heap before
{Heap before GC invocations=430 (full 6):
 PSYoungGen      total 20672K, used 20640K [0x00000000fa000000, 0x00000000fc3c0000, 0x0000000100000000)
  eden space 20480K, 100% used [0x00000000fa000000,0x00000000fb400000,0x00000000fb400000)
  from space 192K, 83% used [0x00000000fc090000,0x00000000fc0b8000,0x00000000fc0c0000)
  to   space 1856K, 0% used [0x00000000fc1f0000,0x00000000fc1f0000,0x00000000fc3c0000)
 ParOldGen       total 69312K, used 65988K [0x00000000e8000000, 0x00000000ec3b0000, 0x00000000fa000000)
  object space 69312K, 95% used [0x00000000e8000000,0x00000000ec071330,0x00000000ec3b0000)
 PSPermGen       total 109120K, used 62700K [0x00000000e0000000, 0x00000000e6a90000, 0x00000000e8000000)
  object space 109120K, 57% used [0x00000000e0000000,0x00000000e3d3b040,0x00000000e6a90000)
Event: 4625.070 GC heap after
Heap after GC invocations=430 (full 6):
 PSYoungGen      total 20032K, used 128K [0x00000000fa000000, 0x00000000fc210000, 0x0000000100000000)
  eden space 19904K, 0% used [0x00000000fa000000,0x00000000fa000000,0x00000000fb370000)
  from space 128K, 100% used [0x00000000fc1f0000,0x00000000fc210000,0x00000000fc210000)
  to   space 1856K, 0% used [0x00000000fbe70000,0x00000000fbe70000,0x00000000fc040000)
 ParOldGen       total 69312K, used 65988K [0x00000000e8000000, 0x00000000ec3b0000, 0x00000000fa000000)
  object space 69312K, 95% used [0x00000000e8000000,0x00000000ec071330,0x00000000ec3b0000)
 PSPermGen       total 109120K, used 62700K [0x00000000e0000000, 0x00000000e6a90000, 0x00000000e8000000)
  object space 109120K, 57% used [0x00000000e0000000,0x00000000e3d3b040,0x00000000e6a90000)
}

